2011-01-26 11:20:34,621 [main] ERROR StackTrace  - Sanitizing stacktrace:
org.springframework.orm.hibernate3.HibernateSystemException: Exception occurred inside getter of edu.mcw.rgd.phenodb.Sample.ageDaysFromDOBLowBound; nested exception is org.hibernate.PropertyAccessException: Exception occurred inside getter of edu.mcw.rgd.phenodb.Sample.ageDaysFromDOBLowBound
	at org.springframework.orm.hibernate3.SessionFactoryUtils.convertHibernateAccessException(SessionFactoryUtils.java:679)
	at org.springframework.orm.hibernate3.HibernateTransactionManager.convertHibernateAccessException(HibernateTransactionManager.java:793)
	at org.springframework.orm.hibernate3.HibernateTransactionManager.doCommit(HibernateTransactionManager.java:664)
	at org.springframework.transaction.support.AbstractPlatformTransactionManager.processCommit(AbstractPlatformTransactionManager.java:754)
	at org.springframework.transaction.support.AbstractPlatformTransactionManager.commit(AbstractPlatformTransactionManager.java:723)
	at org.springframework.transaction.interceptor.TransactionAspectSupport.commitTransactionAfterReturning(TransactionAspectSupport.java:394)
	at org.springframework.transaction.interceptor.TransactionInterceptor.invoke(TransactionInterceptor.java:117)
	at org.springframework.aop.framework.ReflectiveMethodInvocation.proceed(ReflectiveMethodInvocation.java:172)
	at org.springframework.aop.framework.Cglib2AopProxy$DynamicAdvisedInterceptor.intercept(Cglib2AopProxy.java:625)
	at edu.mcw.rgd.phenodb.MainOntologyService$$EnhancerByCGLIB$$5778359f.initAnnotations(<generated>)
	at edu.mcw.rgd.phenodb.BaseOntologyService$initAnnotations.call(Unknown Source)
	at org.codehaus.groovy.runtime.callsite.CallSiteArray.defaultCall(CallSiteArray.java:40)
	at org.codehaus.groovy.runtime.callsite.AbstractCallSite.call(AbstractCallSite.java:117)
	at org.codehaus.groovy.runtime.callsite.AbstractCallSite.call(AbstractCallSite.java:121)
	at BootStrap$_closure1.doCall(BootStrap.groovy:6)
	at sun.reflect.NativeMethodAccessorImpl.invoke0(Native Method)
	at sun.reflect.NativeMethodAccessorImpl.invoke(NativeMethodAccessorImpl.java:39)
	at sun.reflect.DelegatingMethodAccessorImpl.invoke(DelegatingMethodAccessorImpl.java:25)
	at java.lang.reflect.Method.invoke(Method.java:597)
	at org.codehaus.groovy.reflection.CachedMethod.invoke(CachedMethod.java:86)
	at groovy.lang.MetaMethod.doMethodInvoke(MetaMethod.java:234)
	at groovy.lang.MetaClassImpl.invokeMethod(MetaClassImpl.java:1049)
	at groovy.lang.ExpandoMetaClass.invokeMethod(ExpandoMetaClass.java:923)
	at groovy.lang.MetaClassImpl.invokeMethod(MetaClassImpl.java:880)
	at groovy.lang.MetaClassImpl.invokeMethod(MetaClassImpl.java:924)
	at groovy.lang.ExpandoMetaClass.invokeMethod(ExpandoMetaClass.java:923)
	at groovy.lang.MetaClassImpl.invokeMethod(MetaClassImpl.java:880)
	at groovy.lang.Closure.call(Closure.java:279)
	at groovy.lang.Closure.call(Closure.java:274)
	at grails.util.Environment.evaluateEnvironmentSpecificBlock(Environment.java:235)
	at grails.util.Environment.executeForEnvironment(Environment.java:224)
	at grails.util.Environment.executeForCurrentEnvironment(Environment.java:202)
	at org.codehaus.groovy.grails.commons.DefaultGrailsBootstrapClass.callInit(DefaultGrailsBootstrapClass.java:46)
	at org.codehaus.groovy.grails.web.context.GrailsConfigUtils.executeGrailsBootstraps(GrailsConfigUtils.java:64)
	at org.codehaus.groovy.grails.web.context.GrailsContextLoader.createWebApplicationContext(GrailsContextLoader.java:70)
	at org.springframework.web.context.ContextLoader.initWebApplicationContext(ContextLoader.java:192)
	at org.springframework.web.context.ContextLoaderListener.contextInitialized(ContextLoaderListener.java:47)
	at org.apache.catalina.core.StandardContext.listenerStart(StandardContext.java:3972)
	at org.apache.catalina.core.StandardContext.start(StandardContext.java:4467)
	at org.apache.catalina.core.ContainerBase.addChildInternal(ContainerBase.java:791)
	at org.apache.catalina.core.ContainerBase.addChild(ContainerBase.java:771)
	at org.apache.catalina.core.StandardHost.addChild(StandardHost.java:546)
	at org.apache.catalina.startup.HostConfig.deployWAR(HostConfig.java:905)
	at org.apache.catalina.startup.HostConfig.deployWARs(HostConfig.java:740)
	at org.apache.catalina.startup.HostConfig.deployApps(HostConfig.java:500)
	at org.apache.catalina.startup.HostConfig.start(HostConfig.java:1277)
	at org.apache.catalina.startup.HostConfig.lifecycleEvent(HostConfig.java:321)
	at org.apache.catalina.util.LifecycleSupport.fireLifecycleEvent(LifecycleSupport.java:119)
	at org.apache.catalina.core.ContainerBase.start(ContainerBase.java:1053)
	at org.apache.catalina.core.StandardHost.start(StandardHost.java:785)
	at org.apache.catalina.core.ContainerBase.start(ContainerBase.java:1045)
	at org.apache.catalina.core.StandardEngine.start(StandardEngine.java:443)
	at org.apache.catalina.core.StandardService.start(StandardService.java:519)
	at org.apache.catalina.core.StandardServer.start(StandardServer.java:710)
	at org.apache.catalina.startup.Catalina.start(Catalina.java:581)
	at sun.reflect.NativeMethodAccessorImpl.invoke0(Native Method)
	at sun.reflect.NativeMethodAccessorImpl.invoke(NativeMethodAccessorImpl.java:39)
	at sun.reflect.DelegatingMethodAccessorImpl.invoke(DelegatingMethodAccessorImpl.java:25)
	at java.lang.reflect.Method.invoke(Method.java:597)
	at org.apache.catalina.startup.Bootstrap.start(Bootstrap.java:289)
	at org.apache.catalina.startup.Bootstrap.main(Bootstrap.java:414)
Caused by: org.hibernate.PropertyAccessException: Exception occurred inside getter of edu.mcw.rgd.phenodb.Sample.ageDaysFromDOBLowBound
	at org.hibernate.property.BasicPropertyAccessor$BasicGetter.get(BasicPropertyAccessor.java:172)
	at org.hibernate.tuple.entity.AbstractEntityTuplizer.getPropertyValues(AbstractEntityTuplizer.java:279)
	at org.hibernate.tuple.entity.PojoEntityTuplizer.getPropertyValues(PojoEntityTuplizer.java:230)
	at org.hibernate.persister.entity.AbstractEntityPersister.getPropertyValues(AbstractEntityPersister.java:3604)
	at org.hibernate.event.def.DefaultFlushEntityEventListener.getValues(DefaultFlushEntityEventListener.java:190)
	at org.hibernate.event.def.DefaultFlushEntityEventListener.onFlushEntity(DefaultFlushEntityEventListener.java:143)
	at org.hibernate.event.def.AbstractFlushingEventListener.flushEntities(AbstractFlushingEventListener.java:219)
	at org.hibernate.event.def.AbstractFlushingEventListener.flushEverythingToExecutions(AbstractFlushingEventListener.java:99)
	at org.hibernate.event.def.DefaultFlushEventListener.onFlush(DefaultFlushEventListener.java:49)
	at org.hibernate.impl.SessionImpl.flush(SessionImpl.java:1027)
	at org.hibernate.impl.SessionImpl.managedFlush(SessionImpl.java:365)
	at org.hibernate.transaction.JDBCTransaction.commit(JDBCTransaction.java:137)
	at org.springframework.orm.hibernate3.HibernateTransactionManager.doCommit(HibernateTransactionManager.java:656)
	... 58 more
Caused by: java.lang.reflect.InvocationTargetException
	at sun.reflect.GeneratedMethodAccessor222.invoke(Unknown Source)
	at sun.reflect.DelegatingMethodAccessorImpl.invoke(DelegatingMethodAccessorImpl.java:25)
	at java.lang.reflect.Method.invoke(Method.java:597)
	at org.hibernate.property.BasicPropertyAccessor$BasicGetter.get(BasicPropertyAccessor.java:169)
	... 70 more
Caused by: java.lang.NullPointerException: Cannot get property 'lowerBound' on null object
	at org.codehaus.groovy.runtime.NullObject.getProperty(NullObject.java:56)
	at org.codehaus.groovy.runtime.InvokerHelper.getProperty(InvokerHelper.java:155)
	at org.codehaus.groovy.runtime.callsite.NullCallSite.getProperty(NullCallSite.java:29)
	at org.codehaus.groovy.runtime.callsite.AbstractCallSite.callGetProperty(AbstractCallSite.java:237)
	at edu.mcw.rgd.phenodb.Sample.getAgeDaysFromDOBLowBound(Sample.groovy:64)
	... 74 more
2011-01-26 11:20:34,628 [main] ERROR StackTrace  - Sanitizing stacktrace:
org.hibernate.PropertyAccessException: Exception occurred inside getter of edu.mcw.rgd.phenodb.Sample.ageDaysFromDOBLowBound
	at org.hibernate.property.BasicPropertyAccessor$BasicGetter.get(BasicPropertyAccessor.java:172)
	at org.hibernate.tuple.entity.AbstractEntityTuplizer.getPropertyValues(AbstractEntityTuplizer.java:279)
	at org.hibernate.tuple.entity.PojoEntityTuplizer.getPropertyValues(PojoEntityTuplizer.java:230)
	at org.hibernate.persister.entity.AbstractEntityPersister.getPropertyValues(AbstractEntityPersister.java:3604)
	at org.hibernate.event.def.DefaultFlushEntityEventListener.getValues(DefaultFlushEntityEventListener.java:190)
	at org.hibernate.event.def.DefaultFlushEntityEventListener.onFlushEntity(DefaultFlushEntityEventListener.java:143)
	at org.hibernate.event.def.AbstractFlushingEventListener.flushEntities(AbstractFlushingEventListener.java:219)
	at org.hibernate.event.def.AbstractFlushingEventListener.flushEverythingToExecutions(AbstractFlushingEventListener.java:99)
	at org.hibernate.event.def.DefaultFlushEventListener.onFlush(DefaultFlushEventListener.java:49)
	at org.hibernate.impl.SessionImpl.flush(SessionImpl.java:1027)
	at org.hibernate.impl.SessionImpl.managedFlush(SessionImpl.java:365)
	at org.hibernate.transaction.JDBCTransaction.commit(JDBCTransaction.java:137)
	at org.springframework.orm.hibernate3.HibernateTransactionManager.doCommit(HibernateTransactionManager.java:656)
	at org.springframework.transaction.support.AbstractPlatformTransactionManager.processCommit(AbstractPlatformTransactionManager.java:754)
	at org.springframework.transaction.support.AbstractPlatformTransactionManager.commit(AbstractPlatformTransactionManager.java:723)
	at org.springframework.transaction.interceptor.TransactionAspectSupport.commitTransactionAfterReturning(TransactionAspectSupport.java:394)
	at org.springframework.transaction.interceptor.TransactionInterceptor.invoke(TransactionInterceptor.java:117)
	at org.springframework.aop.framework.ReflectiveMethodInvocation.proceed(ReflectiveMethodInvocation.java:172)
	at org.springframework.aop.framework.Cglib2AopProxy$DynamicAdvisedInterceptor.intercept(Cglib2AopProxy.java:625)
	at edu.mcw.rgd.phenodb.MainOntologyService$$EnhancerByCGLIB$$5778359f.initAnnotations(<generated>)
	at edu.mcw.rgd.phenodb.BaseOntologyService$initAnnotations.call(Unknown Source)
	at org.codehaus.groovy.runtime.callsite.CallSiteArray.defaultCall(CallSiteArray.java:40)
	at org.codehaus.groovy.runtime.callsite.AbstractCallSite.call(AbstractCallSite.java:117)
	at org.codehaus.groovy.runtime.callsite.AbstractCallSite.call(AbstractCallSite.java:121)
	at BootStrap$_closure1.doCall(BootStrap.groovy:6)
	at sun.reflect.NativeMethodAccessorImpl.invoke0(Native Method)
	at sun.reflect.NativeMethodAccessorImpl.invoke(NativeMethodAccessorImpl.java:39)
	at sun.reflect.DelegatingMethodAccessorImpl.invoke(DelegatingMethodAccessorImpl.java:25)
	at java.lang.reflect.Method.invoke(Method.java:597)
	at org.codehaus.groovy.reflection.CachedMethod.invoke(CachedMethod.java:86)
	at groovy.lang.MetaMethod.doMethodInvoke(MetaMethod.java:234)
	at groovy.lang.MetaClassImpl.invokeMethod(MetaClassImpl.java:1049)
	at groovy.lang.ExpandoMetaClass.invokeMethod(ExpandoMetaClass.java:923)
	at groovy.lang.MetaClassImpl.invokeMethod(MetaClassImpl.java:880)
	at groovy.lang.MetaClassImpl.invokeMethod(MetaClassImpl.java:924)
	at groovy.lang.ExpandoMetaClass.invokeMethod(ExpandoMetaClass.java:923)
	at groovy.lang.MetaClassImpl.invokeMethod(MetaClassImpl.java:880)
	at groovy.lang.Closure.call(Closure.java:279)
	at groovy.lang.Closure.call(Closure.java:274)
	at grails.util.Environment.evaluateEnvironmentSpecificBlock(Environment.java:235)
	at grails.util.Environment.executeForEnvironment(Environment.java:224)
	at grails.util.Environment.executeForCurrentEnvironment(Environment.java:202)
	at org.codehaus.groovy.grails.commons.DefaultGrailsBootstrapClass.callInit(DefaultGrailsBootstrapClass.java:46)
	at org.codehaus.groovy.grails.web.context.GrailsConfigUtils.executeGrailsBootstraps(GrailsConfigUtils.java:64)
	at org.codehaus.groovy.grails.web.context.GrailsContextLoader.createWebApplicationContext(GrailsContextLoader.java:70)
	at org.springframework.web.context.ContextLoader.initWebApplicationContext(ContextLoader.java:192)
	at org.springframework.web.context.ContextLoaderListener.contextInitialized(ContextLoaderListener.java:47)
	at org.apache.catalina.core.StandardContext.listenerStart(StandardContext.java:3972)
	at org.apache.catalina.core.StandardContext.start(StandardContext.java:4467)
	at org.apache.catalina.core.ContainerBase.addChildInternal(ContainerBase.java:791)
	at org.apache.catalina.core.ContainerBase.addChild(ContainerBase.java:771)
	at org.apache.catalina.core.StandardHost.addChild(StandardHost.java:546)
	at org.apache.catalina.startup.HostConfig.deployWAR(HostConfig.java:905)
	at org.apache.catalina.startup.HostConfig.deployWARs(HostConfig.java:740)
	at org.apache.catalina.startup.HostConfig.deployApps(HostConfig.java:500)
	at org.apache.catalina.startup.HostConfig.start(HostConfig.java:1277)
	at org.apache.catalina.startup.HostConfig.lifecycleEvent(HostConfig.java:321)
	at org.apache.catalina.util.LifecycleSupport.fireLifecycleEvent(LifecycleSupport.java:119)
	at org.apache.catalina.core.ContainerBase.start(ContainerBase.java:1053)
	at org.apache.catalina.core.StandardHost.start(StandardHost.java:785)
	at org.apache.catalina.core.ContainerBase.start(ContainerBase.java:1045)
	at org.apache.catalina.core.StandardEngine.start(StandardEngine.java:443)
	at org.apache.catalina.core.StandardService.start(StandardService.java:519)
	at org.apache.catalina.core.StandardServer.start(StandardServer.java:710)
	at org.apache.catalina.startup.Catalina.start(Catalina.java:581)
	at sun.reflect.NativeMethodAccessorImpl.invoke0(Native Method)
	at sun.reflect.NativeMethodAccessorImpl.invoke(NativeMethodAccessorImpl.java:39)
	at sun.reflect.DelegatingMethodAccessorImpl.invoke(DelegatingMethodAccessorImpl.java:25)
	at java.lang.reflect.Method.invoke(Method.java:597)
	at org.apache.catalina.startup.Bootstrap.start(Bootstrap.java:289)
	at org.apache.catalina.startup.Bootstrap.main(Bootstrap.java:414)
Caused by: java.lang.reflect.InvocationTargetException
	at sun.reflect.GeneratedMethodAccessor222.invoke(Unknown Source)
	at sun.reflect.DelegatingMethodAccessorImpl.invoke(DelegatingMethodAccessorImpl.java:25)
	at java.lang.reflect.Method.invoke(Method.java:597)
	at org.hibernate.property.BasicPropertyAccessor$BasicGetter.get(BasicPropertyAccessor.java:169)
	... 70 more
Caused by: java.lang.NullPointerException: Cannot get property 'lowerBound' on null object
	at org.codehaus.groovy.runtime.NullObject.getProperty(NullObject.java:56)
	at org.codehaus.groovy.runtime.InvokerHelper.getProperty(InvokerHelper.java:155)
	at org.codehaus.groovy.runtime.callsite.NullCallSite.getProperty(NullCallSite.java:29)
	at org.codehaus.groovy.runtime.callsite.AbstractCallSite.callGetProperty(AbstractCallSite.java:237)
	at edu.mcw.rgd.phenodb.Sample.getAgeDaysFromDOBLowBound(Sample.groovy:64)
	... 74 more
2011-01-26 11:20:34,629 [main] ERROR StackTrace  - Sanitizing stacktrace:
java.lang.reflect.InvocationTargetException
	at sun.reflect.GeneratedMethodAccessor222.invoke(Unknown Source)
	at sun.reflect.DelegatingMethodAccessorImpl.invoke(DelegatingMethodAccessorImpl.java:25)
	at java.lang.reflect.Method.invoke(Method.java:597)
	at org.hibernate.property.BasicPropertyAccessor$BasicGetter.get(BasicPropertyAccessor.java:169)
	at org.hibernate.tuple.entity.AbstractEntityTuplizer.getPropertyValues(AbstractEntityTuplizer.java:279)
	at org.hibernate.tuple.entity.PojoEntityTuplizer.getPropertyValues(PojoEntityTuplizer.java:230)
	at org.hibernate.persister.entity.AbstractEntityPersister.getPropertyValues(AbstractEntityPersister.java:3604)
	at org.hibernate.event.def.DefaultFlushEntityEventListener.getValues(DefaultFlushEntityEventListener.java:190)
	at org.hibernate.event.def.DefaultFlushEntityEventListener.onFlushEntity(DefaultFlushEntityEventListener.java:143)
	at org.hibernate.event.def.AbstractFlushingEventListener.flushEntities(AbstractFlushingEventListener.java:219)
	at org.hibernate.event.def.AbstractFlushingEventListener.flushEverythingToExecutions(AbstractFlushingEventListener.java:99)
	at org.hibernate.event.def.DefaultFlushEventListener.onFlush(DefaultFlushEventListener.java:49)
	at org.hibernate.impl.SessionImpl.flush(SessionImpl.java:1027)
	at org.hibernate.impl.SessionImpl.managedFlush(SessionImpl.java:365)
	at org.hibernate.transaction.JDBCTransaction.commit(JDBCTransaction.java:137)
	at org.springframework.orm.hibernate3.HibernateTransactionManager.doCommit(HibernateTransactionManager.java:656)
	at org.springframework.transaction.support.AbstractPlatformTransactionManager.processCommit(AbstractPlatformTransactionManager.java:754)
	at org.springframework.transaction.support.AbstractPlatformTransactionManager.commit(AbstractPlatformTransactionManager.java:723)
	at org.springframework.transaction.interceptor.TransactionAspectSupport.commitTransactionAfterReturning(TransactionAspectSupport.java:394)
	at org.springframework.transaction.interceptor.TransactionInterceptor.invoke(TransactionInterceptor.java:117)
	at org.springframework.aop.framework.ReflectiveMethodInvocation.proceed(ReflectiveMethodInvocation.java:172)
	at org.springframework.aop.framework.Cglib2AopProxy$DynamicAdvisedInterceptor.intercept(Cglib2AopProxy.java:625)
	at edu.mcw.rgd.phenodb.MainOntologyService$$EnhancerByCGLIB$$5778359f.initAnnotations(<generated>)
	at edu.mcw.rgd.phenodb.BaseOntologyService$initAnnotations.call(Unknown Source)
	at org.codehaus.groovy.runtime.callsite.CallSiteArray.defaultCall(CallSiteArray.java:40)
	at org.codehaus.groovy.runtime.callsite.AbstractCallSite.call(AbstractCallSite.java:117)
	at org.codehaus.groovy.runtime.callsite.AbstractCallSite.call(AbstractCallSite.java:121)
	at BootStrap$_closure1.doCall(BootStrap.groovy:6)
	at sun.reflect.NativeMethodAccessorImpl.invoke0(Native Method)
	at sun.reflect.NativeMethodAccessorImpl.invoke(NativeMethodAccessorImpl.java:39)
	at sun.reflect.DelegatingMethodAccessorImpl.invoke(DelegatingMethodAccessorImpl.java:25)
	at java.lang.reflect.Method.invoke(Method.java:597)
	at org.codehaus.groovy.reflection.CachedMethod.invoke(CachedMethod.java:86)
	at groovy.lang.MetaMethod.doMethodInvoke(MetaMethod.java:234)
	at groovy.lang.MetaClassImpl.invokeMethod(MetaClassImpl.java:1049)
	at groovy.lang.ExpandoMetaClass.invokeMethod(ExpandoMetaClass.java:923)
	at groovy.lang.MetaClassImpl.invokeMethod(MetaClassImpl.java:880)
	at groovy.lang.MetaClassImpl.invokeMethod(MetaClassImpl.java:924)
	at groovy.lang.ExpandoMetaClass.invokeMethod(ExpandoMetaClass.java:923)
	at groovy.lang.MetaClassImpl.invokeMethod(MetaClassImpl.java:880)
	at groovy.lang.Closure.call(Closure.java:279)
	at groovy.lang.Closure.call(Closure.java:274)
	at grails.util.Environment.evaluateEnvironmentSpecificBlock(Environment.java:235)
	at grails.util.Environment.executeForEnvironment(Environment.java:224)
	at grails.util.Environment.executeForCurrentEnvironment(Environment.java:202)
	at org.codehaus.groovy.grails.commons.DefaultGrailsBootstrapClass.callInit(DefaultGrailsBootstrapClass.java:46)
	at org.codehaus.groovy.grails.web.context.GrailsConfigUtils.executeGrailsBootstraps(GrailsConfigUtils.java:64)
	at org.codehaus.groovy.grails.web.context.GrailsContextLoader.createWebApplicationContext(GrailsContextLoader.java:70)
	at org.springframework.web.context.ContextLoader.initWebApplicationContext(ContextLoader.java:192)
	at org.springframework.web.context.ContextLoaderListener.contextInitialized(ContextLoaderListener.java:47)
	at org.apache.catalina.core.StandardContext.listenerStart(StandardContext.java:3972)
	at org.apache.catalina.core.StandardContext.start(StandardContext.java:4467)
	at org.apache.catalina.core.ContainerBase.addChildInternal(ContainerBase.java:791)
	at org.apache.catalina.core.ContainerBase.addChild(ContainerBase.java:771)
	at org.apache.catalina.core.StandardHost.addChild(StandardHost.java:546)
	at org.apache.catalina.startup.HostConfig.deployWAR(HostConfig.java:905)
	at org.apache.catalina.startup.HostConfig.deployWARs(HostConfig.java:740)
	at org.apache.catalina.startup.HostConfig.deployApps(HostConfig.java:500)
	at org.apache.catalina.startup.HostConfig.start(HostConfig.java:1277)
	at org.apache.catalina.startup.HostConfig.lifecycleEvent(HostConfig.java:321)
	at org.apache.catalina.util.LifecycleSupport.fireLifecycleEvent(LifecycleSupport.java:119)
	at org.apache.catalina.core.ContainerBase.start(ContainerBase.java:1053)
	at org.apache.catalina.core.StandardHost.start(StandardHost.java:785)
	at org.apache.catalina.core.ContainerBase.start(ContainerBase.java:1045)
	at org.apache.catalina.core.StandardEngine.start(StandardEngine.java:443)
	at org.apache.catalina.core.StandardService.start(StandardService.java:519)
	at org.apache.catalina.core.StandardServer.start(StandardServer.java:710)
	at org.apache.catalina.startup.Catalina.start(Catalina.java:581)
	at sun.reflect.NativeMethodAccessorImpl.invoke0(Native Method)
	at sun.reflect.NativeMethodAccessorImpl.invoke(NativeMethodAccessorImpl.java:39)
	at sun.reflect.DelegatingMethodAccessorImpl.invoke(DelegatingMethodAccessorImpl.java:25)
	at java.lang.reflect.Method.invoke(Method.java:597)
	at org.apache.catalina.startup.Bootstrap.start(Bootstrap.java:289)
	at org.apache.catalina.startup.Bootstrap.main(Bootstrap.java:414)
Caused by: java.lang.NullPointerException: Cannot get property 'lowerBound' on null object
	at org.codehaus.groovy.runtime.NullObject.getProperty(NullObject.java:56)
	at org.codehaus.groovy.runtime.InvokerHelper.getProperty(InvokerHelper.java:155)
	at org.codehaus.groovy.runtime.callsite.NullCallSite.getProperty(NullCallSite.java:29)
	at org.codehaus.groovy.runtime.callsite.AbstractCallSite.callGetProperty(AbstractCallSite.java:237)
	at edu.mcw.rgd.phenodb.Sample.getAgeDaysFromDOBLowBound(Sample.groovy:64)
	... 74 more
2011-01-26 11:20:34,630 [main] ERROR StackTrace  - Sanitizing stacktrace:
java.lang.NullPointerException: Cannot get property 'lowerBound' on null object
	at org.codehaus.groovy.runtime.NullObject.getProperty(NullObject.java:56)
	at org.codehaus.groovy.runtime.InvokerHelper.getProperty(InvokerHelper.java:155)
	at org.codehaus.groovy.runtime.callsite.NullCallSite.getProperty(NullCallSite.java:29)
	at org.codehaus.groovy.runtime.callsite.AbstractCallSite.callGetProperty(AbstractCallSite.java:237)
	at edu.mcw.rgd.phenodb.Sample.getAgeDaysFromDOBLowBound(Sample.groovy:64)
	at sun.reflect.GeneratedMethodAccessor222.invoke(Unknown Source)
	at sun.reflect.DelegatingMethodAccessorImpl.invoke(DelegatingMethodAccessorImpl.java:25)
	at java.lang.reflect.Method.invoke(Method.java:597)
	at org.hibernate.property.BasicPropertyAccessor$BasicGetter.get(BasicPropertyAccessor.java:169)
	at org.hibernate.tuple.entity.AbstractEntityTuplizer.getPropertyValues(AbstractEntityTuplizer.java:279)
	at org.hibernate.tuple.entity.PojoEntityTuplizer.getPropertyValues(PojoEntityTuplizer.java:230)
	at org.hibernate.persister.entity.AbstractEntityPersister.getPropertyValues(AbstractEntityPersister.java:3604)
	at org.hibernate.event.def.DefaultFlushEntityEventListener.getValues(DefaultFlushEntityEventListener.java:190)
	at org.hibernate.event.def.DefaultFlushEntityEventListener.onFlushEntity(DefaultFlushEntityEventListener.java:143)
	at org.hibernate.event.def.AbstractFlushingEventListener.flushEntities(AbstractFlushingEventListener.java:219)
	at org.hibernate.event.def.AbstractFlushingEventListener.flushEverythingToExecutions(AbstractFlushingEventListener.java:99)
	at org.hibernate.event.def.DefaultFlushEventListener.onFlush(DefaultFlushEventListener.java:49)
	at org.hibernate.impl.SessionImpl.flush(SessionImpl.java:1027)
	at org.hibernate.impl.SessionImpl.managedFlush(SessionImpl.java:365)
	at org.hibernate.transaction.JDBCTransaction.commit(JDBCTransaction.java:137)
	at org.springframework.orm.hibernate3.HibernateTransactionManager.doCommit(HibernateTransactionManager.java:656)
	at org.springframework.transaction.support.AbstractPlatformTransactionManager.processCommit(AbstractPlatformTransactionManager.java:754)
	at org.springframework.transaction.support.AbstractPlatformTransactionManager.commit(AbstractPlatformTransactionManager.java:723)
	at org.springframework.transaction.interceptor.TransactionAspectSupport.commitTransactionAfterReturning(TransactionAspectSupport.java:394)
	at org.springframework.transaction.interceptor.TransactionInterceptor.invoke(TransactionInterceptor.java:117)
	at org.springframework.aop.framework.ReflectiveMethodInvocation.proceed(ReflectiveMethodInvocation.java:172)
	at org.springframework.aop.framework.Cglib2AopProxy$DynamicAdvisedInterceptor.intercept(Cglib2AopProxy.java:625)
	at edu.mcw.rgd.phenodb.MainOntologyService$$EnhancerByCGLIB$$5778359f.initAnnotations(<generated>)
	at edu.mcw.rgd.phenodb.BaseOntologyService$initAnnotations.call(Unknown Source)
	at org.codehaus.groovy.runtime.callsite.CallSiteArray.defaultCall(CallSiteArray.java:40)
	at org.codehaus.groovy.runtime.callsite.AbstractCallSite.call(AbstractCallSite.java:117)
	at org.codehaus.groovy.runtime.callsite.AbstractCallSite.call(AbstractCallSite.java:121)
	at BootStrap$_closure1.doCall(BootStrap.groovy:6)
	at sun.reflect.NativeMethodAccessorImpl.invoke0(Native Method)
	at sun.reflect.NativeMethodAccessorImpl.invoke(NativeMethodAccessorImpl.java:39)
	at sun.reflect.DelegatingMethodAccessorImpl.invoke(DelegatingMethodAccessorImpl.java:25)
	at java.lang.reflect.Method.invoke(Method.java:597)
	at org.codehaus.groovy.reflection.CachedMethod.invoke(CachedMethod.java:86)
	at groovy.lang.MetaMethod.doMethodInvoke(MetaMethod.java:234)
	at groovy.lang.MetaClassImpl.invokeMethod(MetaClassImpl.java:1049)
	at groovy.lang.ExpandoMetaClass.invokeMethod(ExpandoMetaClass.java:923)
	at groovy.lang.MetaClassImpl.invokeMethod(MetaClassImpl.java:880)
	at groovy.lang.MetaClassImpl.invokeMethod(MetaClassImpl.java:924)
	at groovy.lang.ExpandoMetaClass.invokeMethod(ExpandoMetaClass.java:923)
	at groovy.lang.MetaClassImpl.invokeMethod(MetaClassImpl.java:880)
	at groovy.lang.Closure.call(Closure.java:279)
	at groovy.lang.Closure.call(Closure.java:274)
	at grails.util.Environment.evaluateEnvironmentSpecificBlock(Environment.java:235)
	at grails.util.Environment.executeForEnvironment(Environment.java:224)
	at grails.util.Environment.executeForCurrentEnvironment(Environment.java:202)
	at org.codehaus.groovy.grails.commons.DefaultGrailsBootstrapClass.callInit(DefaultGrailsBootstrapClass.java:46)
	at org.codehaus.groovy.grails.web.context.GrailsConfigUtils.executeGrailsBootstraps(GrailsConfigUtils.java:64)
	at org.codehaus.groovy.grails.web.context.GrailsContextLoader.createWebApplicationContext(GrailsContextLoader.java:70)
	at org.springframework.web.context.ContextLoader.initWebApplicationContext(ContextLoader.java:192)
	at org.springframework.web.context.ContextLoaderListener.contextInitialized(ContextLoaderListener.java:47)
	at org.apache.catalina.core.StandardContext.listenerStart(StandardContext.java:3972)
	at org.apache.catalina.core.StandardContext.start(StandardContext.java:4467)
	at org.apache.catalina.core.ContainerBase.addChildInternal(ContainerBase.java:791)
	at org.apache.catalina.core.ContainerBase.addChild(ContainerBase.java:771)
	at org.apache.catalina.core.StandardHost.addChild(StandardHost.java:546)
	at org.apache.catalina.startup.HostConfig.deployWAR(HostConfig.java:905)
	at org.apache.catalina.startup.HostConfig.deployWARs(HostConfig.java:740)
	at org.apache.catalina.startup.HostConfig.deployApps(HostConfig.java:500)
	at org.apache.catalina.startup.HostConfig.start(HostConfig.java:1277)
	at org.apache.catalina.startup.HostConfig.lifecycleEvent(HostConfig.java:321)
	at org.apache.catalina.util.LifecycleSupport.fireLifecycleEvent(LifecycleSupport.java:119)
	at org.apache.catalina.core.ContainerBase.start(ContainerBase.java:1053)
	at org.apache.catalina.core.StandardHost.start(StandardHost.java:785)
	at org.apache.catalina.core.ContainerBase.start(ContainerBase.java:1045)
	at org.apache.catalina.core.StandardEngine.start(StandardEngine.java:443)
	at org.apache.catalina.core.StandardService.start(StandardService.java:519)
	at org.apache.catalina.core.StandardServer.start(StandardServer.java:710)
	at org.apache.catalina.startup.Catalina.start(Catalina.java:581)
	at sun.reflect.NativeMethodAccessorImpl.invoke0(Native Method)
	at sun.reflect.NativeMethodAccessorImpl.invoke(NativeMethodAccessorImpl.java:39)
	at sun.reflect.DelegatingMethodAccessorImpl.invoke(DelegatingMethodAccessorImpl.java:25)
	at java.lang.reflect.Method.invoke(Method.java:597)
	at org.apache.catalina.startup.Bootstrap.start(Bootstrap.java:289)
	at org.apache.catalina.startup.Bootstrap.main(Bootstrap.java:414)
2011-01-26 11:20:34,630 [main] ERROR StackTrace  - Sanitizing stacktrace:
org.codehaus.groovy.runtime.InvokerInvocationException: org.springframework.orm.hibernate3.HibernateSystemException: Exception occurred inside getter of edu.mcw.rgd.phenodb.Sample.ageDaysFromDOBLowBound; nested exception is org.hibernate.PropertyAccessException: Exception occurred inside getter of edu.mcw.rgd.phenodb.Sample.ageDaysFromDOBLowBound
	at org.codehaus.groovy.reflection.CachedMethod.invoke(CachedMethod.java:92)
	at groovy.lang.MetaMethod.doMethodInvoke(MetaMethod.java:234)
	at groovy.lang.MetaClassImpl.invokeMethod(MetaClassImpl.java:1049)
	at groovy.lang.ExpandoMetaClass.invokeMethod(ExpandoMetaClass.java:923)
	at groovy.lang.MetaClassImpl.invokeMethod(MetaClassImpl.java:880)
	at groovy.lang.MetaClassImpl.invokeMethod(MetaClassImpl.java:924)
	at groovy.lang.ExpandoMetaClass.invokeMethod(ExpandoMetaClass.java:923)
	at groovy.lang.MetaClassImpl.invokeMethod(MetaClassImpl.java:880)
	at groovy.lang.Closure.call(Closure.java:279)
	at groovy.lang.Closure.call(Closure.java:274)
	at grails.util.Environment.evaluateEnvironmentSpecificBlock(Environment.java:235)
	at grails.util.Environment.executeForEnvironment(Environment.java:224)
	at grails.util.Environment.executeForCurrentEnvironment(Environment.java:202)
	at org.codehaus.groovy.grails.commons.DefaultGrailsBootstrapClass.callInit(DefaultGrailsBootstrapClass.java:46)
	at org.codehaus.groovy.grails.web.context.GrailsConfigUtils.executeGrailsBootstraps(GrailsConfigUtils.java:64)
	at org.codehaus.groovy.grails.web.context.GrailsContextLoader.createWebApplicationContext(GrailsContextLoader.java:70)
	at org.springframework.web.context.ContextLoader.initWebApplicationContext(ContextLoader.java:192)
	at org.springframework.web.context.ContextLoaderListener.contextInitialized(ContextLoaderListener.java:47)
	at org.apache.catalina.core.StandardContext.listenerStart(StandardContext.java:3972)
	at org.apache.catalina.core.StandardContext.start(StandardContext.java:4467)
	at org.apache.catalina.core.ContainerBase.addChildInternal(ContainerBase.java:791)
	at org.apache.catalina.core.ContainerBase.addChild(ContainerBase.java:771)
	at org.apache.catalina.core.StandardHost.addChild(StandardHost.java:546)
	at org.apache.catalina.startup.HostConfig.deployWAR(HostConfig.java:905)
	at org.apache.catalina.startup.HostConfig.deployWARs(HostConfig.java:740)
	at org.apache.catalina.startup.HostConfig.deployApps(HostConfig.java:500)
	at org.apache.catalina.startup.HostConfig.start(HostConfig.java:1277)
	at org.apache.catalina.startup.HostConfig.lifecycleEvent(HostConfig.java:321)
	at org.apache.catalina.util.LifecycleSupport.fireLifecycleEvent(LifecycleSupport.java:119)
	at org.apache.catalina.core.ContainerBase.start(ContainerBase.java:1053)
	at org.apache.catalina.core.StandardHost.start(StandardHost.java:785)
	at org.apache.catalina.core.ContainerBase.start(ContainerBase.java:1045)
	at org.apache.catalina.core.StandardEngine.start(StandardEngine.java:443)
	at org.apache.catalina.core.StandardService.start(StandardService.java:519)
	at org.apache.catalina.core.StandardServer.start(StandardServer.java:710)
	at org.apache.catalina.startup.Catalina.start(Catalina.java:581)
	at sun.reflect.NativeMethodAccessorImpl.invoke0(Native Method)
	at sun.reflect.NativeMethodAccessorImpl.invoke(NativeMethodAccessorImpl.java:39)
	at sun.reflect.DelegatingMethodAccessorImpl.invoke(DelegatingMethodAccessorImpl.java:25)
	at java.lang.reflect.Method.invoke(Method.java:597)
	at org.apache.catalina.startup.Bootstrap.start(Bootstrap.java:289)
	at org.apache.catalina.startup.Bootstrap.main(Bootstrap.java:414)
Caused by: org.springframework.orm.hibernate3.HibernateSystemException: Exception occurred inside getter of edu.mcw.rgd.phenodb.Sample.ageDaysFromDOBLowBound; nested exception is org.hibernate.PropertyAccessException: Exception occurred inside getter of edu.mcw.rgd.phenodb.Sample.ageDaysFromDOBLowBound
	at edu.mcw.rgd.phenodb.MainOntologyService$$EnhancerByCGLIB$$5778359f.initAnnotations(<generated>)
	at edu.mcw.rgd.phenodb.BaseOntologyService$initAnnotations.call(Unknown Source)
	at BootStrap$_closure1.doCall(BootStrap.groovy:6)
	at grails.util.Environment.evaluateEnvironmentSpecificBlock(Environment.java:235)
	at grails.util.Environment.executeForEnvironment(Environment.java:224)
	at grails.util.Environment.executeForCurrentEnvironment(Environment.java:202)
Caused by: org.hibernate.PropertyAccessException: Exception occurred inside getter of edu.mcw.rgd.phenodb.Sample.ageDaysFromDOBLowBound
	... 6 more
Caused by: java.lang.reflect.InvocationTargetException
	... 6 more
Caused by: java.lang.NullPointerException: Cannot get property 'lowerBound' on null object
	at edu.mcw.rgd.phenodb.Sample.getAgeDaysFromDOBLowBound(Sample.groovy:64)
	... 6 more
